2019/03/26 20:42:36-/home/cad_vlsi/cad_vlsi/ce/lib/ce_steerer/1.0/ce_steerer.pm-ce_steerer::main- Creating new bash for project dev
2019/03/26 20:43:42-/home/cad_vlsi/cad_vlsi/ce/lib/ce_steerer/1.0/ce_steerer.pm-ce_steerer::main- Exit project dev
2019/03/26 20:46:48-/home/cad_vlsi/cad_vlsi/ce/lib/ce_steerer/1.0/ce_steerer.pm-ce_steerer::main- Creating new bash for project dev
2019/03/26 20:46:55-/home/cad_vlsi/cad_vlsi/ce/lib/ce_steerer/1.0/ce_steerer.pm-ce_steerer::main- Exit project dev
2019/03/26 20:47:05-/home/cad_vlsi/cad_vlsi/ce/lib/ce_steerer/1.0/ce_steerer.pm-ce_steerer::main- Creating new bash for project dev
2019/03/26 21:11:10-ce_steerer.pm-ce_steerer::set_perl5lib_var- No version specified for config_parser
2019/03/26 21:12:05-ce_steerer.pm-ce_steerer::set_perl5lib_var- No version specified for dummy_tool
2019/03/26 21:12:05-ce_steerer.pm-ce_steerer::set_env- No version specified for dummy_tool
2019/03/26 21:17:10-ce_steerer.pm-ce_steerer::set_perl5lib_var- No version specified for dummy_tool
2019/03/26 21:17:10-ce_steerer.pm-ce_steerer::set_env- No version specified for dummy_tool
2019/03/26 21:18:43-ce_steerer.pm-ce_steerer::set_perl5lib_var- No version specified for dummy_tool
2019/03/26 21:18:43-ce_steerer.pm-ce_steerer::set_env- No version specified for dummy_tool
2019/03/26 21:20:14-ce_steerer.pm-ce_steerer::set_perl5lib_var- No version specified for dummy_tool
2019/03/26 21:20:14-ce_steerer.pm-ce_steerer::set_env- No version specified for dummy_tool
2019/03/26 21:21:29-ce_steerer.pm-ce_steerer::set_perl5lib_var- No version specified for dummy_tool
2019/03/26 21:21:29-ce_steerer.pm-ce_steerer::set_env- No version specified for dummy_tool
2019/03/26 21:21:41-ce_steerer.pm-ce_steerer::set_perl5lib_var- No version specified for dummy_tool
2019/03/26 21:21:41-ce_steerer.pm-ce_steerer::set_env- No version specified for dummy_tool
2019/03/26 21:21:51-ce_steerer.pm-ce_steerer::set_perl5lib_var- No version specified for dummy_tool
2019/03/26 21:21:51-ce_steerer.pm-ce_steerer::set_env- No version specified for dummy_tool
2019/04/03 07:32:37-/home/cad_vlsi/cad_vlsi/ce/lib/ce_steerer/1.0/ce_steerer.pm-ce_steerer::main- Creating new bash for project dev
2019/04/03 07:32:41-ce_steerer.pm-ce_steerer::set_perl5lib_var- No version specified for dummy_tool
2019/04/03 07:32:41-ce_steerer.pm-ce_steerer::set_env- No version specified for dummy_tool
2019/04/03 08:54:09-ce_steerer.pm-ce_steerer::set_env- No version specified for tools
2019/04/03 08:54:09-ce_steerer.pm-ce_steerer::set_env- No version specified for dummy_tool
2019/04/03 08:59:18-ce_steerer.pm-ce_steerer::set_env- No version specified for tools
2019/04/03 09:00:04-ce_steerer.pm-ce_steerer::set_env- No version specified for tools
2019/04/03 09:01:19-/home/cad_vlsi/cad_vlsi/ce/lib/ce_steerer/1.0/ce_steerer.pm-ce_steerer::main- Exit project dev
2019/04/03 09:01:34-/home/cad_vlsi/cad_vlsi/ce/lib/ce_steerer/1.0/ce_steerer.pm-ce_steerer::set_env- No version specified for tools
2019/04/03 09:01:34-/home/cad_vlsi/cad_vlsi/ce/lib/ce_steerer/1.0/ce_steerer.pm-ce_steerer::main- Creating new bash for project uart
2019/04/03 09:01:38-/home/cad_vlsi/cad_vlsi/ce/lib/ce_steerer/1.0/ce_steerer.pm-ce_steerer::main- Exit project uart
2019/04/03 09:02:38-/home/cad_vlsi/cad_vlsi/ce/lib/ce_steerer/1.0/ce_steerer.pm-ce_steerer::set_env- No version specified for tools
2019/04/03 09:02:38-/home/cad_vlsi/cad_vlsi/ce/lib/ce_steerer/1.0/ce_steerer.pm-ce_steerer::main- Creating new bash for project uart
2019/04/03 09:05:33-/home/cad_vlsi/cad_vlsi/ce/lib/ce_steerer/1.0/ce_steerer.pm-ce_steerer::main- Exit project uart
2019/04/03 09:05:35-/home/cad_vlsi/cad_vlsi/ce/lib/ce_steerer/1.0/ce_steerer.pm-ce_steerer::set_env- No version specified for tools
2019/04/03 09:05:35-/home/cad_vlsi/cad_vlsi/ce/lib/ce_steerer/1.0/ce_steerer.pm-ce_steerer::main- Creating new bash for project uart
2019/04/03 09:06:24-/home/cad_vlsi/cad_vlsi/ce/lib/ce_steerer/1.0/ce_steerer.pm-ce_steerer::main- Exit project uart
2019/04/03 09:06:26-/home/cad_vlsi/cad_vlsi/ce/lib/ce_steerer/1.0/ce_steerer.pm-ce_steerer::set_env- No version specified for tools
2019/04/03 09:06:26-/home/cad_vlsi/cad_vlsi/ce/lib/ce_steerer/1.0/ce_steerer.pm-ce_steerer::main- Creating new bash for project uart
2019/04/03 09:06:49-/home/cad_vlsi/cad_vlsi/ce/lib/ce_steerer/1.0/ce_steerer.pm-ce_steerer::main- Exit project uart
2019/04/03 09:06:50-/home/cad_vlsi/cad_vlsi/ce/lib/ce_steerer/1.0/ce_steerer.pm-ce_steerer::set_env- No version specified for tools
2019/04/03 09:06:51-/home/cad_vlsi/cad_vlsi/ce/lib/ce_steerer/1.0/ce_steerer.pm-ce_steerer::main- Creating new bash for project uart
2019/04/03 09:08:47-/home/cad_vlsi/cad_vlsi/ce/lib/ce_steerer/1.0/ce_steerer.pm-ce_steerer::main- Exit project uart
2019/04/03 09:10:23-/home/cad_vlsi/cad_vlsi/ce/lib/ce_steerer/1.0/ce_steerer.pm-ce_steerer::set_env- No version specified for tools
2019/04/03 09:10:23-/home/cad_vlsi/cad_vlsi/ce/lib/ce_steerer/1.0/ce_steerer.pm-ce_steerer::main- Creating new bash for project uart
2019/04/03 09:10:27-/home/cad_vlsi/cad_vlsi/ce/lib/ce_steerer/1.0/ce_steerer.pm-ce_steerer::main- Exit project uart
2019/04/03 09:12:57-/home/cad_vlsi/cad_vlsi/ce/lib/ce_steerer/1.0/ce_steerer.pm-ce_steerer::set_env- No version specified for tools
2019/04/03 09:12:57-/home/cad_vlsi/cad_vlsi/ce/lib/ce_steerer/1.0/ce_steerer.pm-ce_steerer::main- Creating new bash for project uart
2019/04/03 09:13:59-/home/cad_vlsi/cad_vlsi/ce/lib/ce_steerer/1.0/ce_steerer.pm-ce_steerer::main- Exit project uart
2019/04/03 09:14:00-/home/cad_vlsi/cad_vlsi/ce/lib/ce_steerer/1.0/ce_steerer.pm-ce_steerer::main- Creating new bash for project uart
2019/04/03 09:14:14-/home/cad_vlsi/cad_vlsi/ce/lib/ce_steerer/1.0/ce_steerer.pm-ce_steerer::main- Exit project uart
2019/04/03 09:14:15-/home/cad_vlsi/cad_vlsi/ce/lib/ce_steerer/1.0/ce_steerer.pm-ce_steerer::main- Creating new bash for project uart
2019/04/03 09:15:24-ce_steerer.pm-ce_steerer::set_perl5lib_var- No version specified for dummy_tool
2019/04/03 09:15:24-ce_steerer.pm-ce_steerer::set_env- No version specified for dummy_tool
2019/04/03 09:15:39-/home/cad_vlsi/cad_vlsi/ce/lib/ce_steerer/1.0/ce_steerer.pm-ce_steerer::main- Exit project uart
2019/04/03 09:15:41-/home/cad_vlsi/cad_vlsi/ce/lib/ce_steerer/1.0/ce_steerer.pm-ce_steerer::main- Creating new bash for project uart
2019/04/03 09:16:11-/home/cad_vlsi/cad_vlsi/ce/lib/ce_steerer/1.0/ce_steerer.pm-ce_steerer::main- Exit project uart
2019/04/03 09:16:51-/home/cad_vlsi/cad_vlsi/ce/lib/ce_steerer/1.0/ce_steerer.pm-ce_steerer::main- Creating new bash for project uart
2019/04/03 09:17:58-/home/cad_vlsi/cad_vlsi/ce/lib/ce_steerer/1.0/ce_steerer.pm-ce_steerer::main- Exit project uart
2019/04/03 09:17:59-/home/cad_vlsi/cad_vlsi/ce/lib/ce_steerer/1.0/ce_steerer.pm-ce_steerer::main- Creating new bash for project uart
2019/04/03 09:18:51-/home/cad_vlsi/cad_vlsi/ce/lib/ce_steerer/1.0/ce_steerer.pm-ce_steerer::main- Exit project uart
2019/04/03 09:18:51-/home/cad_vlsi/cad_vlsi/ce/lib/ce_steerer/1.0/ce_steerer.pm-ce_steerer::main- Creating new bash for project uart
2019/04/03 09:19:59-/home/cad_vlsi/cad_vlsi/ce/lib/ce_steerer/1.0/ce_steerer.pm-ce_steerer::main- Exit project uart
2019/04/03 09:20:00-/home/cad_vlsi/cad_vlsi/ce/lib/ce_steerer/1.0/ce_steerer.pm-ce_steerer::main- Creating new bash for project uart
2019/04/03 09:23:51-/home/cad_vlsi/cad_vlsi/ce/lib/ce_steerer/1.0/ce_steerer.pm-ce_steerer::main- Exit project uart
2019/04/03 09:23:52-/home/cad_vlsi/cad_vlsi/ce/lib/ce_steerer/1.0/ce_steerer.pm-ce_steerer::main- Creating new bash for project uart
2019/04/03 09:27:42-/home/cad_vlsi/cad_vlsi/ce/lib/ce_steerer/1.0/ce_steerer.pm-ce_steerer::main- Exit project uart
2019/04/03 09:27:43-/home/cad_vlsi/cad_vlsi/ce/lib/ce_steerer/1.0/ce_steerer.pm-ce_steerer::main- Creating new bash for project uart
2019/04/03 09:27:51-/home/cad_vlsi/cad_vlsi/ce/lib/ce_steerer/1.0/ce_steerer.pm-ce_steerer::main- Exit project uart
2019/04/03 09:27:53-/home/cad_vlsi/cad_vlsi/ce/lib/ce_steerer/1.0/ce_steerer.pm-ce_steerer::main- Creating new bash for project uart
2019/04/03 09:36:41-/home/cad_vlsi/cad_vlsi/ce/lib/ce_steerer/1.0/ce_steerer.pm-ce_steerer::main- Exit project uart
2019/04/03 09:37:30-/home/cad_vlsi/cad_vlsi/ce/lib/ce_steerer/1.0/ce_steerer.pm-ce_steerer::main- Creating new bash for project uart
2019/04/03 09:37:32-/home/cad_vlsi/cad_vlsi/ce/lib/ce_steerer/1.0/ce_steerer.pm-ce_steerer::main- Exit project uart
2019/04/03 09:37:34-/home/cad_vlsi/cad_vlsi/ce/lib/ce_steerer/1.0/ce_steerer.pm-ce_steerer::main- Creating new bash for project uart
2019/04/03 09:41:46-/home/cad_vlsi/cad_vlsi/ce/lib/ce_steerer/1.0/ce_steerer.pm-ce_steerer::main- Exit project uart
2019/04/03 09:41:47-/home/cad_vlsi/cad_vlsi/ce/lib/ce_steerer/1.0/ce_steerer.pm-ce_steerer::main- Creating new bash for project uart
2019/04/03 09:42:09-/home/cad_vlsi/cad_vlsi/ce/lib/ce_steerer/1.0/ce_steerer.pm-ce_steerer::main- Exit project uart
2019/04/03 09:44:34-/home/cad_vlsi/cad_vlsi/ce/lib/ce_steerer/1.0/ce_steerer.pm-ce_steerer::main- Creating new bash for project dev
2019/04/03 09:44:36-/home/cad_vlsi/cad_vlsi/ce/lib/ce_steerer/1.0/ce_steerer.pm-ce_steerer::main- Exit project dev
2019/04/03 09:44:39-/home/cad_vlsi/cad_vlsi/ce/lib/ce_steerer/1.0/ce_steerer.pm-ce_steerer::main- Creating new bash for project uart
2019/04/03 09:46:03-/home/cad_vlsi/cad_vlsi/ce/lib/ce_steerer/1.0/ce_steerer.pm-ce_steerer::main- Exit project uart
2019/04/03 09:46:04-/home/cad_vlsi/cad_vlsi/ce/lib/ce_steerer/1.0/ce_steerer.pm-ce_steerer::main- Creating new bash for project uart
2019/04/03 09:46:14-/home/cad_vlsi/cad_vlsi/ce/lib/ce_steerer/1.0/ce_steerer.pm-ce_steerer::main- Exit project uart
2019/04/03 09:46:17-/home/cad_vlsi/cad_vlsi/ce/lib/ce_steerer/1.0/ce_steerer.pm-ce_steerer::main- Creating new bash for project uart
2019/04/03 09:46:51-/home/cad_vlsi/cad_vlsi/ce/lib/ce_steerer/1.0/ce_steerer.pm-ce_steerer::main- Exit project uart
2019/04/03 09:46:52-/home/cad_vlsi/cad_vlsi/ce/lib/ce_steerer/1.0/ce_steerer.pm-ce_steerer::main- Creating new bash for project uart
2019/04/03 09:47:42-/home/cad_vlsi/cad_vlsi/ce/lib/ce_steerer/1.0/ce_steerer.pm-ce_steerer::main- Exit project uart
2019/04/03 09:47:44-/home/cad_vlsi/cad_vlsi/ce/lib/ce_steerer/1.0/ce_steerer.pm-ce_steerer::main- Creating new bash for project uart
2019/04/03 09:54:36-/home/cad_vlsi/cad_vlsi/ce/lib/ce_steerer/1.0/ce_steerer.pm-ce_steerer::main- Exit project uart
2019/04/03 09:54:37-/home/cad_vlsi/cad_vlsi/ce/lib/ce_steerer/1.0/ce_steerer.pm-ce_steerer::main- Creating new bash for project uart
2019/04/03 09:54:42-/home/cad_vlsi/cad_vlsi/ce/lib/ce_steerer/1.0/ce_steerer.pm-ce_steerer::main- Exit project uart
2019/04/03 09:54:47-/home/cad_vlsi/cad_vlsi/ce/lib/ce_steerer/1.0/ce_steerer.pm-ce_steerer::main- Creating new bash for project uart
2019/04/03 10:02:18-/home/cad_vlsi/cad_vlsi/ce/lib/ce_steerer/1.0/ce_steerer.pm-ce_steerer::main- Exit project uart
2019/04/03 10:02:31-/home/cad_vlsi/cad_vlsi/ce/lib/ce_steerer/1.0/ce_steerer.pm-ce_steerer::main- Creating new bash for project uart
2019/04/03 10:05:22-/home/cad_vlsi/cad_vlsi/ce/lib/ce_steerer/1.0/ce_steerer.pm-ce_steerer::main- Exit project uart
2019/04/03 10:09:06-/home/cad_vlsi/cad_vlsi/ce/lib/ce_steerer/1.0/ce_steerer.pm-ce_steerer::main- Creating new bash for project uart
2019/04/03 10:10:03-/home/cad_vlsi/cad_vlsi/ce/lib/ce_steerer/1.0/ce_steerer.pm-ce_steerer::main- Exit project uart
2019/04/03 10:10:04-/home/cad_vlsi/cad_vlsi/ce/lib/ce_steerer/1.0/ce_steerer.pm-ce_steerer::main- Creating new bash for project uart
2019/04/03 10:11:20-/home/cad_vlsi/cad_vlsi/ce/lib/ce_steerer/1.0/ce_steerer.pm-ce_steerer::main- Exit project uart
2019/04/03 10:11:21-/home/cad_vlsi/cad_vlsi/ce/lib/ce_steerer/1.0/ce_steerer.pm-ce_steerer::main- Creating new bash for project uart
2019/04/03 10:14:35-/home/cad_vlsi/cad_vlsi/ce/lib/ce_steerer/1.0/ce_steerer.pm-ce_steerer::main- Exit project uart
2019/04/03 10:14:36-/home/cad_vlsi/cad_vlsi/ce/lib/ce_steerer/1.0/ce_steerer.pm-ce_steerer::main- Creating new bash for project uart
2019/04/03 10:18:54-/home/cad_vlsi/cad_vlsi/ce/lib/ce_steerer/1.0/ce_steerer.pm-ce_steerer::main- Exit project uart
2019/04/03 10:18:55-/home/cad_vlsi/cad_vlsi/ce/lib/ce_steerer/1.0/ce_steerer.pm-ce_steerer::main- Creating new bash for project uart
2019/04/03 10:23:34-/home/cad_vlsi/cad_vlsi/ce/lib/ce_steerer/1.0/ce_steerer.pm-ce_steerer::main- Exit project uart
2019/04/03 10:23:35-/home/cad_vlsi/cad_vlsi/ce/lib/ce_steerer/1.0/ce_steerer.pm-ce_steerer::main- Creating new bash for project uart
2019/04/03 10:23:52-/home/cad_vlsi/cad_vlsi/ce/lib/ce_steerer/1.0/ce_steerer.pm-ce_steerer::main- Exit project uart
2019/04/03 10:23:57-/home/cad_vlsi/cad_vlsi/ce/lib/ce_steerer/1.0/ce_steerer.pm-ce_steerer::main- Creating new bash for project uart
2019/04/03 10:24:37-/home/cad_vlsi/cad_vlsi/ce/lib/ce_steerer/1.0/ce_steerer.pm-ce_steerer::main- Exit project uart
2019/04/03 10:25:14-/home/cad_vlsi/cad_vlsi/ce/lib/ce_steerer/1.0/ce_steerer.pm-ce_steerer::main- Creating new bash for project uart
2019/04/03 10:25:27-/home/cad_vlsi/cad_vlsi/ce/lib/ce_steerer/1.0/ce_steerer.pm-ce_steerer::main- Exit project uart
2019/04/03 10:25:43-/home/cad_vlsi/cad_vlsi/ce/lib/ce_steerer/1.0/ce_steerer.pm-ce_steerer::main- Creating new bash for project uart
2019/04/03 10:25:52-/home/cad_vlsi/cad_vlsi/ce/lib/ce_steerer/1.0/ce_steerer.pm-ce_steerer::main- Exit project uart
2019/04/03 10:26:19-/home/cad_vlsi/cad_vlsi/ce/lib/ce_steerer/1.0/ce_steerer.pm-ce_steerer::main- Creating new bash for project uart
2019/04/03 10:29:47-/home/cad_vlsi/cad_vlsi/ce/lib/ce_steerer/1.0/ce_steerer.pm-ce_steerer::main- Exit project uart
2019/04/03 10:29:48-/home/cad_vlsi/cad_vlsi/ce/lib/ce_steerer/1.0/ce_steerer.pm-ce_steerer::main- Creating new bash for project uart
2019/04/03 10:30:26-/home/cad_vlsi/cad_vlsi/ce/lib/ce_steerer/1.0/ce_steerer.pm-ce_steerer::main- Exit project uart
2019/04/03 10:30:27-/home/cad_vlsi/cad_vlsi/ce/lib/ce_steerer/1.0/ce_steerer.pm-ce_steerer::main- Creating new bash for project uart
2019/04/03 10:31:50-/home/cad_vlsi/cad_vlsi/ce/lib/ce_steerer/1.0/ce_steerer.pm-ce_steerer::main- Exit project uart
2019/04/03 10:31:51-/home/cad_vlsi/cad_vlsi/ce/lib/ce_steerer/1.0/ce_steerer.pm-ce_steerer::main- Creating new bash for project uart
2019/04/03 10:32:19-/home/cad_vlsi/cad_vlsi/ce/lib/ce_steerer/1.0/ce_steerer.pm-ce_steerer::main- Exit project uart
2019/04/03 10:32:20-/home/cad_vlsi/cad_vlsi/ce/lib/ce_steerer/1.0/ce_steerer.pm-ce_steerer::get_versions_table- Failed to read project uart JSON file
2019/04/03 10:32:30-/home/cad_vlsi/cad_vlsi/ce/lib/ce_steerer/1.0/ce_steerer.pm-ce_steerer::main- Creating new bash for project uart
2019/04/03 10:36:02-/home/cad_vlsi/cad_vlsi/ce/lib/ce_steerer/1.0/ce_steerer.pm-ce_steerer::main- Exit project uart
2019/04/03 10:38:27-/home/cad_vlsi/cad_vlsi/ce/lib/ce_steerer/1.0/ce_steerer.pm-ce_steerer::main- Creating new bash for project uart
2019/04/03 10:38:44-/home/cad_vlsi/cad_vlsi/ce/lib/ce_steerer/1.0/ce_steerer.pm-ce_steerer::main- Exit project uart
2019/04/03 10:38:45-/home/cad_vlsi/cad_vlsi/ce/lib/ce_steerer/1.0/ce_steerer.pm-ce_steerer::main- Creating new bash for project uart
2019/04/03 10:39:18-/home/cad_vlsi/cad_vlsi/ce/lib/ce_steerer/1.0/ce_steerer.pm-ce_steerer::main- Exit project uart
2019/04/03 10:39:20-/home/cad_vlsi/cad_vlsi/ce/lib/ce_steerer/1.0/ce_steerer.pm-ce_steerer::main- Creating new bash for project uart
2019/04/03 10:48:07-/home/cad_vlsi/cad_vlsi/ce/lib/ce_steerer/1.0/ce_steerer.pm-ce_steerer::main- Exit project uart
2019/04/03 10:52:55-/home/cad_vlsi/cad_vlsi/ce/lib/ce_steerer/1.0/ce_steerer.pm-ce_steerer::main- Creating new bash for project uart
2019/04/03 10:53:13-/home/cad_vlsi/cad_vlsi/ce/lib/ce_steerer/1.0/ce_steerer.pm-ce_steerer::main- Exit project uart
2019/04/03 10:53:14-/home/cad_vlsi/cad_vlsi/ce/lib/ce_steerer/1.0/ce_steerer.pm-ce_steerer::main- Creating new bash for project uart
